<?xml version="1.0" encoding="UTF-8"?>
<!-- Generated by org.testng.reporters.JUnitReportReporter -->
<testsuite skipped="0" hostname="DESKTOP-ASB5QBL" name="testNG.TestNGAnnotationsEg" tests="4" failures="0" timestamp="20 Aug 2021 02:24:09 GMT" time="0.082" errors="0">
  <testcase name="Function1" time="0.021" classname="testNG.TestNGAnnotationsEg"/>
  <testcase name="Function2" time="0.010" classname="testNG.TestNGAnnotationsEg"/>
  <testcase name="Function3" time="0.018" classname="testNG.TestNGAnnotationsEg"/>
  <testcase name="Apple" time="0.033" classname="testNG.TestNGAnnotationsEg"/>
</testsuite> <!-- testNG.TestNGAnnotationsEg -->
