<?xml version="1.0" encoding="UTF-8"?>
<!-- Generated by org.testng.reporters.JUnitReportReporter -->
<testsuite skipped="0" hostname="DESKTOP-ASB5QBL" name="testNG.UserReg_TestNG" tests="1" failures="0" timestamp="23 Aug 2021 02:29:19 GMT" time="16.869" errors="0">
  <testcase name="orguserReg" time="16.869" classname="testNG.UserReg_TestNG"/>
</testsuite> <!-- testNG.UserReg_TestNG -->
