<?xml version="1.0" encoding="UTF-8"?>
<!-- Generated by org.testng.reporters.JUnitReportReporter -->
<testsuite skipped="0" hostname="DESKTOP-ASB5QBL" name="pom.LoginTC" tests="1" failures="0" timestamp="30 Aug 2021 02:10:16 GMT" time="34.890" errors="0">
  <testcase name="login" time="34.890" classname="pom.LoginTC"/>
</testsuite> <!-- pom.LoginTC -->
